running develop
/usr/lib/python3/dist-packages/setuptools/command/easy_install.py:158: EasyInstallDeprecationWarning: easy_install command is deprecated. Use build and pip and other standards-based tools.
  warnings.warn(
/usr/lib/python3/dist-packages/setuptools/command/install.py:34: SetuptoolsDeprecationWarning: setup.py install is deprecated. Use build and pip and other standards-based tools.
  warnings.warn(
/usr/lib/python3/dist-packages/pkg_resources/__init__.py:116: PkgResourcesDeprecationWarning: 1.1build1 is an invalid version and will not be supported in a future release
  warnings.warn(
/usr/lib/python3/dist-packages/pkg_resources/__init__.py:116: PkgResourcesDeprecationWarning: 0.1.43ubuntu1 is an invalid version and will not be supported in a future release
  warnings.warn(
running egg_info
creating camera.egg-info
writing camera.egg-info/PKG-INFO
writing dependency_links to camera.egg-info/dependency_links.txt
writing entry points to camera.egg-info/entry_points.txt
writing requirements to camera.egg-info/requires.txt
writing top-level names to camera.egg-info/top_level.txt
writing manifest file 'camera.egg-info/SOURCES.txt'
reading manifest file 'camera.egg-info/SOURCES.txt'
writing manifest file 'camera.egg-info/SOURCES.txt'
running build_ext
Creating /home/ohmin/ros2_ws/src/install/camera/lib/python3.10/site-packages/camera.egg-link (link to .)
Installing cam2image script to /home/ohmin/ros2_ws/src/install/camera/lib/camera
Installing showimage script to /home/ohmin/ros2_ws/src/install/camera/lib/camera

Installed /home/ohmin/ros2_ws/src/build/camera
running install_data
creating /home/ohmin/ros2_ws/src/install/camera/share/ament_index
creating /home/ohmin/ros2_ws/src/install/camera/share/ament_index/resource_index
creating /home/ohmin/ros2_ws/src/install/camera/share/ament_index/resource_index/packages
copying resource/camera -> /home/ohmin/ros2_ws/src/install/camera/share/ament_index/resource_index/packages
copying package.xml -> /home/ohmin/ros2_ws/src/install/camera/share/camera
