running develop
running egg_info
creating camera.egg-info
writing camera.egg-info/PKG-INFO
writing dependency_links to camera.egg-info/dependency_links.txt
writing entry points to camera.egg-info/entry_points.txt
writing requirements to camera.egg-info/requires.txt
writing top-level names to camera.egg-info/top_level.txt
writing manifest file 'camera.egg-info/SOURCES.txt'
reading manifest file 'camera.egg-info/SOURCES.txt'
writing manifest file 'camera.egg-info/SOURCES.txt'
running build_ext
Creating /home/ohmin/ros2_ws/src/install/camera/lib/python3.10/site-packages/camera.egg-link (link to .)
Installing cam2image script to /home/ohmin/ros2_ws/src/install/camera/lib/camera
Installing showimage script to /home/ohmin/ros2_ws/src/install/camera/lib/camera

Installed /home/ohmin/ros2_ws/src/build/camera
running install_data
creating /home/ohmin/ros2_ws/src/install/camera/share/ament_index
creating /home/ohmin/ros2_ws/src/install/camera/share/ament_index/resource_index
creating /home/ohmin/ros2_ws/src/install/camera/share/ament_index/resource_index/packages
copying resource/camera -> /home/ohmin/ros2_ws/src/install/camera/share/ament_index/resource_index/packages
copying package.xml -> /home/ohmin/ros2_ws/src/install/camera/share/camera
