[0.680s] DEBUG:colcon:Command line arguments: ['/usr/bin/colcon', 'build', '--symlink-install', '--packages-select', 'camera']
[0.680s] DEBUG:colcon:Parsed command line arguments: Namespace(log_base=None, log_level=None, verb_name='build', build_base='build', install_base='install', merge_install=False, symlink_install=True, test_result_base=None, continue_on_error=False, executor='parallel', parallel_workers=8, event_handlers=None, ignore_user_meta=False, metas=['./colcon.meta'], base_paths=['.'], packages_ignore=None, packages_ignore_regex=None, paths=None, packages_up_to=None, packages_up_to_regex=None, packages_above=None, packages_above_and_dependencies=None, packages_above_depth=None, packages_select_by_dep=None, packages_skip_by_dep=None, packages_skip_up_to=None, packages_select_build_failed=False, packages_skip_build_finished=False, packages_select_test_failures=False, packages_skip_test_passed=False, packages_select=['camera'], packages_skip=None, packages_select_regex=None, packages_skip_regex=None, packages_start=None, packages_end=None, allow_overriding=[], cmake_args=None, cmake_target=None, cmake_target_skip_unavailable=False, cmake_clean_cache=False, cmake_clean_first=False, cmake_force_configure=False, ament_cmake_args=None, catkin_cmake_args=None, catkin_skip_building_tests=False, verb_parser=<colcon_defaults.argument_parser.defaults.DefaultArgumentsDecorator object at 0x7f7d485fcca0>, verb_extension=<colcon_core.verb.build.BuildVerb object at 0x7f7d48e2c9d0>, main=<bound method BuildVerb.main of <colcon_core.verb.build.BuildVerb object at 0x7f7d48e2c9d0>>)
[0.755s] Level 1:colcon.colcon_core.package_discovery:discover_packages(colcon_meta) check parameters
[0.755s] Level 1:colcon.colcon_core.package_discovery:discover_packages(recursive) check parameters
[0.755s] Level 1:colcon.colcon_core.package_discovery:discover_packages(ignore) check parameters
[0.756s] Level 1:colcon.colcon_core.package_discovery:discover_packages(path) check parameters
[0.756s] Level 1:colcon.colcon_core.package_discovery:discover_packages(colcon_meta) discover
[0.756s] Level 1:colcon.colcon_core.package_discovery:discover_packages(recursive) discover
[0.756s] INFO:colcon.colcon_core.package_discovery:Crawling recursively for packages in '/home/ohmin/ros2_ws/src'
[0.756s] Level 1:colcon.colcon_core.package_identification:_identify(.) by extensions ['ignore', 'ignore_ament_install']
[0.756s] Level 1:colcon.colcon_core.package_identification:_identify(.) by extension 'ignore'
[0.756s] Level 1:colcon.colcon_core.package_identification:_identify(.) by extension 'ignore_ament_install'
[0.756s] Level 1:colcon.colcon_core.package_identification:_identify(.) by extensions ['colcon_pkg']
[0.756s] Level 1:colcon.colcon_core.package_identification:_identify(.) by extension 'colcon_pkg'
[0.757s] Level 1:colcon.colcon_core.package_identification:_identify(.) by extensions ['colcon_meta']
[0.757s] Level 1:colcon.colcon_core.package_identification:_identify(.) by extension 'colcon_meta'
[0.757s] Level 1:colcon.colcon_core.package_identification:_identify(.) by extensions ['ros']
[0.757s] Level 1:colcon.colcon_core.package_identification:_identify(.) by extension 'ros'
[0.781s] Level 1:colcon.colcon_core.package_identification:_identify(.) by extensions ['cmake', 'python']
[0.781s] Level 1:colcon.colcon_core.package_identification:_identify(.) by extension 'cmake'
[0.782s] Level 1:colcon.colcon_core.package_identification:_identify(.) by extension 'python'
[0.782s] Level 1:colcon.colcon_core.package_identification:_identify(.) by extensions ['python_setup_py']
[0.782s] Level 1:colcon.colcon_core.package_identification:_identify(.) by extension 'python_setup_py'
[0.782s] Level 1:colcon.colcon_core.package_identification:_identify(arduino_sensor) by extensions ['ignore', 'ignore_ament_install']
[0.782s] Level 1:colcon.colcon_core.package_identification:_identify(arduino_sensor) by extension 'ignore'
[0.782s] Level 1:colcon.colcon_core.package_identification:_identify(arduino_sensor) by extension 'ignore_ament_install'
[0.782s] Level 1:colcon.colcon_core.package_identification:_identify(arduino_sensor) by extensions ['colcon_pkg']
[0.782s] Level 1:colcon.colcon_core.package_identification:_identify(arduino_sensor) by extension 'colcon_pkg'
[0.783s] Level 1:colcon.colcon_core.package_identification:_identify(arduino_sensor) by extensions ['colcon_meta']
[0.783s] Level 1:colcon.colcon_core.package_identification:_identify(arduino_sensor) by extension 'colcon_meta'
[0.783s] Level 1:colcon.colcon_core.package_identification:_identify(arduino_sensor) by extensions ['ros']
[0.783s] Level 1:colcon.colcon_core.package_identification:_identify(arduino_sensor) by extension 'ros'
[0.788s] DEBUG:colcon.colcon_core.package_identification:Package 'arduino_sensor' with type 'ros.ament_python' and name 'arduino_sensor'
[0.788s] Level 1:colcon.colcon_core.package_identification:_identify(build) by extensions ['ignore', 'ignore_ament_install']
[0.789s] Level 1:colcon.colcon_core.package_identification:_identify(build) by extension 'ignore'
[0.789s] Level 1:colcon.colcon_core.package_identification:_identify(build) ignored
[0.789s] Level 1:colcon.colcon_core.package_identification:_identify(camera) by extensions ['ignore', 'ignore_ament_install']
[0.789s] Level 1:colcon.colcon_core.package_identification:_identify(camera) by extension 'ignore'
[0.790s] Level 1:colcon.colcon_core.package_identification:_identify(camera) by extension 'ignore_ament_install'
[0.790s] Level 1:colcon.colcon_core.package_identification:_identify(camera) by extensions ['colcon_pkg']
[0.790s] Level 1:colcon.colcon_core.package_identification:_identify(camera) by extension 'colcon_pkg'
[0.790s] Level 1:colcon.colcon_core.package_identification:_identify(camera) by extensions ['colcon_meta']
[0.790s] Level 1:colcon.colcon_core.package_identification:_identify(camera) by extension 'colcon_meta'
[0.790s] Level 1:colcon.colcon_core.package_identification:_identify(camera) by extensions ['ros']
[0.790s] Level 1:colcon.colcon_core.package_identification:_identify(camera) by extension 'ros'
[0.791s] DEBUG:colcon.colcon_core.package_identification:Package 'camera' with type 'ros.ament_python' and name 'camera'
[0.791s] Level 1:colcon.colcon_core.package_identification:_identify(demos) by extensions ['ignore', 'ignore_ament_install']
[0.791s] Level 1:colcon.colcon_core.package_identification:_identify(demos) by extension 'ignore'
[0.792s] Level 1:colcon.colcon_core.package_identification:_identify(demos) by extension 'ignore_ament_install'
[0.792s] Level 1:colcon.colcon_core.package_identification:_identify(demos) by extensions ['colcon_pkg']
[0.792s] Level 1:colcon.colcon_core.package_identification:_identify(demos) by extension 'colcon_pkg'
[0.792s] Level 1:colcon.colcon_core.package_identification:_identify(demos) by extensions ['colcon_meta']
[0.792s] Level 1:colcon.colcon_core.package_identification:_identify(demos) by extension 'colcon_meta'
[0.792s] Level 1:colcon.colcon_core.package_identification:_identify(demos) by extensions ['ros']
[0.792s] Level 1:colcon.colcon_core.package_identification:_identify(demos) by extension 'ros'
[0.792s] Level 1:colcon.colcon_core.package_identification:_identify(demos) by extensions ['cmake', 'python']
[0.792s] Level 1:colcon.colcon_core.package_identification:_identify(demos) by extension 'cmake'
[0.792s] Level 1:colcon.colcon_core.package_identification:_identify(demos) by extension 'python'
[0.792s] Level 1:colcon.colcon_core.package_identification:_identify(demos) by extensions ['python_setup_py']
[0.792s] Level 1:colcon.colcon_core.package_identification:_identify(demos) by extension 'python_setup_py'
[0.793s] Level 1:colcon.colcon_core.package_identification:_identify(demos/action_tutorials) by extensions ['ignore', 'ignore_ament_install']
[0.793s] Level 1:colcon.colcon_core.package_identification:_identify(demos/action_tutorials) by extension 'ignore'
[0.793s] Level 1:colcon.colcon_core.package_identification:_identify(demos/action_tutorials) by extension 'ignore_ament_install'
[0.793s] Level 1:colcon.colcon_core.package_identification:_identify(demos/action_tutorials) by extensions ['colcon_pkg']
[0.793s] Level 1:colcon.colcon_core.package_identification:_identify(demos/action_tutorials) by extension 'colcon_pkg'
[0.793s] Level 1:colcon.colcon_core.package_identification:_identify(demos/action_tutorials) by extensions ['colcon_meta']
[0.793s] Level 1:colcon.colcon_core.package_identification:_identify(demos/action_tutorials) by extension 'colcon_meta'
[0.793s] Level 1:colcon.colcon_core.package_identification:_identify(demos/action_tutorials) by extensions ['ros']
[0.793s] Level 1:colcon.colcon_core.package_identification:_identify(demos/action_tutorials) by extension 'ros'
[0.794s] Level 1:colcon.colcon_core.package_identification:_identify(demos/action_tutorials) by extensions ['cmake', 'python']
[0.794s] Level 1:colcon.colcon_core.package_identification:_identify(demos/action_tutorials) by extension 'cmake'
[0.794s] Level 1:colcon.colcon_core.package_identification:_identify(demos/action_tutorials) by extension 'python'
[0.794s] Level 1:colcon.colcon_core.package_identification:_identify(demos/action_tutorials) by extensions ['python_setup_py']
[0.794s] Level 1:colcon.colcon_core.package_identification:_identify(demos/action_tutorials) by extension 'python_setup_py'
[0.794s] Level 1:colcon.colcon_core.package_identification:_identify(demos/action_tutorials/action_tutorials_cpp) by extensions ['ignore', 'ignore_ament_install']
[0.794s] Level 1:colcon.colcon_core.package_identification:_identify(demos/action_tutorials/action_tutorials_cpp) by extension 'ignore'
[0.794s] Level 1:colcon.colcon_core.package_identification:_identify(demos/action_tutorials/action_tutorials_cpp) by extension 'ignore_ament_install'
[0.794s] Level 1:colcon.colcon_core.package_identification:_identify(demos/action_tutorials/action_tutorials_cpp) by extensions ['colcon_pkg']
[0.794s] Level 1:colcon.colcon_core.package_identification:_identify(demos/action_tutorials/action_tutorials_cpp) by extension 'colcon_pkg'
[0.795s] Level 1:colcon.colcon_core.package_identification:_identify(demos/action_tutorials/action_tutorials_cpp) by extensions ['colcon_meta']
[0.795s] Level 1:colcon.colcon_core.package_identification:_identify(demos/action_tutorials/action_tutorials_cpp) by extension 'colcon_meta'
[0.795s] Level 1:colcon.colcon_core.package_identification:_identify(demos/action_tutorials/action_tutorials_cpp) by extensions ['ros']
[0.795s] Level 1:colcon.colcon_core.package_identification:_identify(demos/action_tutorials/action_tutorials_cpp) by extension 'ros'
[0.797s] DEBUG:colcon.colcon_core.package_identification:Package 'demos/action_tutorials/action_tutorials_cpp' with type 'ros.ament_cmake' and name 'action_tutorials_cpp'
[0.797s] Level 1:colcon.colcon_core.package_identification:_identify(demos/action_tutorials/action_tutorials_interfaces) by extensions ['ignore', 'ignore_ament_install']
[0.797s] Level 1:colcon.colcon_core.package_identification:_identify(demos/action_tutorials/action_tutorials_interfaces) by extension 'ignore'
[0.797s] Level 1:colcon.colcon_core.package_identification:_identify(demos/action_tutorials/action_tutorials_interfaces) by extension 'ignore_ament_install'
[0.797s] Level 1:colcon.colcon_core.package_identification:_identify(demos/action_tutorials/action_tutorials_interfaces) by extensions ['colcon_pkg']
[0.797s] Level 1:colcon.colcon_core.package_identification:_identify(demos/action_tutorials/action_tutorials_interfaces) by extension 'colcon_pkg'
[0.797s] Level 1:colcon.colcon_core.package_identification:_identify(demos/action_tutorials/action_tutorials_interfaces) by extensions ['colcon_meta']
[0.797s] Level 1:colcon.colcon_core.package_identification:_identify(demos/action_tutorials/action_tutorials_interfaces) by extension 'colcon_meta'
[0.797s] Level 1:colcon.colcon_core.package_identification:_identify(demos/action_tutorials/action_tutorials_interfaces) by extensions ['ros']
[0.798s] Level 1:colcon.colcon_core.package_identification:_identify(demos/action_tutorials/action_tutorials_interfaces) by extension 'ros'
[0.799s] DEBUG:colcon.colcon_core.package_identification:Package 'demos/action_tutorials/action_tutorials_interfaces' with type 'ros.ament_cmake' and name 'action_tutorials_interfaces'
[0.799s] Level 1:colcon.colcon_core.package_identification:_identify(demos/action_tutorials/action_tutorials_py) by extensions ['ignore', 'ignore_ament_install']
[0.799s] Level 1:colcon.colcon_core.package_identification:_identify(demos/action_tutorials/action_tutorials_py) by extension 'ignore'
[0.799s] Level 1:colcon.colcon_core.package_identification:_identify(demos/action_tutorials/action_tutorials_py) by extension 'ignore_ament_install'
[0.799s] Level 1:colcon.colcon_core.package_identification:_identify(demos/action_tutorials/action_tutorials_py) by extensions ['colcon_pkg']
[0.799s] Level 1:colcon.colcon_core.package_identification:_identify(demos/action_tutorials/action_tutorials_py) by extension 'colcon_pkg'
[0.800s] Level 1:colcon.colcon_core.package_identification:_identify(demos/action_tutorials/action_tutorials_py) by extensions ['colcon_meta']
[0.800s] Level 1:colcon.colcon_core.package_identification:_identify(demos/action_tutorials/action_tutorials_py) by extension 'colcon_meta'
[0.800s] Level 1:colcon.colcon_core.package_identification:_identify(demos/action_tutorials/action_tutorials_py) by extensions ['ros']
[0.800s] Level 1:colcon.colcon_core.package_identification:_identify(demos/action_tutorials/action_tutorials_py) by extension 'ros'
[0.801s] DEBUG:colcon.colcon_core.package_identification:Package 'demos/action_tutorials/action_tutorials_py' with type 'ros.ament_python' and name 'action_tutorials_py'
[0.801s] Level 1:colcon.colcon_core.package_identification:_identify(demos/composition) by extensions ['ignore', 'ignore_ament_install']
[0.801s] Level 1:colcon.colcon_core.package_identification:_identify(demos/composition) by extension 'ignore'
[0.802s] Level 1:colcon.colcon_core.package_identification:_identify(demos/composition) by extension 'ignore_ament_install'
[0.802s] Level 1:colcon.colcon_core.package_identification:_identify(demos/composition) by extensions ['colcon_pkg']
[0.802s] Level 1:colcon.colcon_core.package_identification:_identify(demos/composition) by extension 'colcon_pkg'
[0.802s] Level 1:colcon.colcon_core.package_identification:_identify(demos/composition) by extensions ['colcon_meta']
[0.802s] Level 1:colcon.colcon_core.package_identification:_identify(demos/composition) by extension 'colcon_meta'
[0.802s] Level 1:colcon.colcon_core.package_identification:_identify(demos/composition) by extensions ['ros']
[0.802s] Level 1:colcon.colcon_core.package_identification:_identify(demos/composition) by extension 'ros'
[0.804s] DEBUG:colcon.colcon_core.package_identification:Package 'demos/composition' with type 'ros.ament_cmake' and name 'composition'
[0.804s] Level 1:colcon.colcon_core.package_identification:_identify(demos/demo_nodes_cpp) by extensions ['ignore', 'ignore_ament_install']
[0.804s] Level 1:colcon.colcon_core.package_identification:_identify(demos/demo_nodes_cpp) by extension 'ignore'
[0.804s] Level 1:colcon.colcon_core.package_identification:_identify(demos/demo_nodes_cpp) by extension 'ignore_ament_install'
[0.804s] Level 1:colcon.colcon_core.package_identification:_identify(demos/demo_nodes_cpp) by extensions ['colcon_pkg']
[0.804s] Level 1:colcon.colcon_core.package_identification:_identify(demos/demo_nodes_cpp) by extension 'colcon_pkg'
[0.805s] Level 1:colcon.colcon_core.package_identification:_identify(demos/demo_nodes_cpp) by extensions ['colcon_meta']
[0.805s] Level 1:colcon.colcon_core.package_identification:_identify(demos/demo_nodes_cpp) by extension 'colcon_meta'
[0.805s] Level 1:colcon.colcon_core.package_identification:_identify(demos/demo_nodes_cpp) by extensions ['ros']
[0.805s] Level 1:colcon.colcon_core.package_identification:_identify(demos/demo_nodes_cpp) by extension 'ros'
[0.807s] DEBUG:colcon.colcon_core.package_identification:Package 'demos/demo_nodes_cpp' with type 'ros.ament_cmake' and name 'demo_nodes_cpp'
[0.807s] Level 1:colcon.colcon_core.package_identification:_identify(demos/demo_nodes_cpp_native) by extensions ['ignore', 'ignore_ament_install']
[0.807s] Level 1:colcon.colcon_core.package_identification:_identify(demos/demo_nodes_cpp_native) by extension 'ignore'
[0.807s] Level 1:colcon.colcon_core.package_identification:_identify(demos/demo_nodes_cpp_native) by extension 'ignore_ament_install'
[0.807s] Level 1:colcon.colcon_core.package_identification:_identify(demos/demo_nodes_cpp_native) by extensions ['colcon_pkg']
[0.807s] Level 1:colcon.colcon_core.package_identification:_identify(demos/demo_nodes_cpp_native) by extension 'colcon_pkg'
[0.808s] Level 1:colcon.colcon_core.package_identification:_identify(demos/demo_nodes_cpp_native) by extensions ['colcon_meta']
[0.808s] Level 1:colcon.colcon_core.package_identification:_identify(demos/demo_nodes_cpp_native) by extension 'colcon_meta'
[0.808s] Level 1:colcon.colcon_core.package_identification:_identify(demos/demo_nodes_cpp_native) by extensions ['ros']
[0.808s] Level 1:colcon.colcon_core.package_identification:_identify(demos/demo_nodes_cpp_native) by extension 'ros'
[0.810s] DEBUG:colcon.colcon_core.package_identification:Package 'demos/demo_nodes_cpp_native' with type 'ros.ament_cmake' and name 'demo_nodes_cpp_native'
[0.810s] Level 1:colcon.colcon_core.package_identification:_identify(demos/demo_nodes_py) by extensions ['ignore', 'ignore_ament_install']
[0.810s] Level 1:colcon.colcon_core.package_identification:_identify(demos/demo_nodes_py) by extension 'ignore'
[0.810s] Level 1:colcon.colcon_core.package_identification:_identify(demos/demo_nodes_py) by extension 'ignore_ament_install'
[0.810s] Level 1:colcon.colcon_core.package_identification:_identify(demos/demo_nodes_py) by extensions ['colcon_pkg']
[0.811s] Level 1:colcon.colcon_core.package_identification:_identify(demos/demo_nodes_py) by extension 'colcon_pkg'
[0.811s] Level 1:colcon.colcon_core.package_identification:_identify(demos/demo_nodes_py) by extensions ['colcon_meta']
[0.811s] Level 1:colcon.colcon_core.package_identification:_identify(demos/demo_nodes_py) by extension 'colcon_meta'
[0.811s] Level 1:colcon.colcon_core.package_identification:_identify(demos/demo_nodes_py) by extensions ['ros']
[0.811s] Level 1:colcon.colcon_core.package_identification:_identify(demos/demo_nodes_py) by extension 'ros'
[0.812s] DEBUG:colcon.colcon_core.package_identification:Package 'demos/demo_nodes_py' with type 'ros.ament_python' and name 'demo_nodes_py'
[0.812s] Level 1:colcon.colcon_core.package_identification:_identify(demos/dummy_robot) by extensions ['ignore', 'ignore_ament_install']
[0.813s] Level 1:colcon.colcon_core.package_identification:_identify(demos/dummy_robot) by extension 'ignore'
[0.813s] Level 1:colcon.colcon_core.package_identification:_identify(demos/dummy_robot) by extension 'ignore_ament_install'
[0.813s] Level 1:colcon.colcon_core.package_identification:_identify(demos/dummy_robot) by extensions ['colcon_pkg']
[0.813s] Level 1:colcon.colcon_core.package_identification:_identify(demos/dummy_robot) by extension 'colcon_pkg'
[0.813s] Level 1:colcon.colcon_core.package_identification:_identify(demos/dummy_robot) by extensions ['colcon_meta']
[0.813s] Level 1:colcon.colcon_core.package_identification:_identify(demos/dummy_robot) by extension 'colcon_meta'
[0.813s] Level 1:colcon.colcon_core.package_identification:_identify(demos/dummy_robot) by extensions ['ros']
[0.813s] Level 1:colcon.colcon_core.package_identification:_identify(demos/dummy_robot) by extension 'ros'
[0.813s] Level 1:colcon.colcon_core.package_identification:_identify(demos/dummy_robot) by extensions ['cmake', 'python']
[0.813s] Level 1:colcon.colcon_core.package_identification:_identify(demos/dummy_robot) by extension 'cmake'
[0.814s] Level 1:colcon.colcon_core.package_identification:_identify(demos/dummy_robot) by extension 'python'
[0.814s] Level 1:colcon.colcon_core.package_identification:_identify(demos/dummy_robot) by extensions ['python_setup_py']
[0.814s] Level 1:colcon.colcon_core.package_identification:_identify(demos/dummy_robot) by extension 'python_setup_py'
[0.814s] Level 1:colcon.colcon_core.package_identification:_identify(demos/dummy_robot/dummy_map_server) by extensions ['ignore', 'ignore_ament_install']
[0.814s] Level 1:colcon.colcon_core.package_identification:_identify(demos/dummy_robot/dummy_map_server) by extension 'ignore'
[0.814s] Level 1:colcon.colcon_core.package_identification:_identify(demos/dummy_robot/dummy_map_server) by extension 'ignore_ament_install'
[0.815s] Level 1:colcon.colcon_core.package_identification:_identify(demos/dummy_robot/dummy_map_server) by extensions ['colcon_pkg']
[0.815s] Level 1:colcon.colcon_core.package_identification:_identify(demos/dummy_robot/dummy_map_server) by extension 'colcon_pkg'
[0.815s] Level 1:colcon.colcon_core.package_identification:_identify(demos/dummy_robot/dummy_map_server) by extensions ['colcon_meta']
[0.815s] Level 1:colcon.colcon_core.package_identification:_identify(demos/dummy_robot/dummy_map_server) by extension 'colcon_meta'
[0.815s] Level 1:colcon.colcon_core.package_identification:_identify(demos/dummy_robot/dummy_map_server) by extensions ['ros']
[0.815s] Level 1:colcon.colcon_core.package_identification:_identify(demos/dummy_robot/dummy_map_server) by extension 'ros'
[0.816s] DEBUG:colcon.colcon_core.package_identification:Package 'demos/dummy_robot/dummy_map_server' with type 'ros.ament_cmake' and name 'dummy_map_server'
[0.816s] Level 1:colcon.colcon_core.package_identification:_identify(demos/dummy_robot/dummy_robot_bringup) by extensions ['ignore', 'ignore_ament_install']
[0.817s] Level 1:colcon.colcon_core.package_identification:_identify(demos/dummy_robot/dummy_robot_bringup) by extension 'ignore'
[0.817s] Level 1:colcon.colcon_core.package_identification:_identify(demos/dummy_robot/dummy_robot_bringup) by extension 'ignore_ament_install'
[0.817s] Level 1:colcon.colcon_core.package_identification:_identify(demos/dummy_robot/dummy_robot_bringup) by extensions ['colcon_pkg']
[0.817s] Level 1:colcon.colcon_core.package_identification:_identify(demos/dummy_robot/dummy_robot_bringup) by extension 'colcon_pkg'
[0.817s] Level 1:colcon.colcon_core.package_identification:_identify(demos/dummy_robot/dummy_robot_bringup) by extensions ['colcon_meta']
[0.817s] Level 1:colcon.colcon_core.package_identification:_identify(demos/dummy_robot/dummy_robot_bringup) by extension 'colcon_meta'
[0.817s] Level 1:colcon.colcon_core.package_identification:_identify(demos/dummy_robot/dummy_robot_bringup) by extensions ['ros']
[0.817s] Level 1:colcon.colcon_core.package_identification:_identify(demos/dummy_robot/dummy_robot_bringup) by extension 'ros'
[0.818s] DEBUG:colcon.colcon_core.package_identification:Package 'demos/dummy_robot/dummy_robot_bringup' with type 'ros.ament_cmake' and name 'dummy_robot_bringup'
[0.819s] Level 1:colcon.colcon_core.package_identification:_identify(demos/dummy_robot/dummy_sensors) by extensions ['ignore', 'ignore_ament_install']
[0.819s] Level 1:colcon.colcon_core.package_identification:_identify(demos/dummy_robot/dummy_sensors) by extension 'ignore'
[0.819s] Level 1:colcon.colcon_core.package_identification:_identify(demos/dummy_robot/dummy_sensors) by extension 'ignore_ament_install'
[0.819s] Level 1:colcon.colcon_core.package_identification:_identify(demos/dummy_robot/dummy_sensors) by extensions ['colcon_pkg']
[0.819s] Level 1:colcon.colcon_core.package_identification:_identify(demos/dummy_robot/dummy_sensors) by extension 'colcon_pkg'
[0.819s] Level 1:colcon.colcon_core.package_identification:_identify(demos/dummy_robot/dummy_sensors) by extensions ['colcon_meta']
[0.819s] Level 1:colcon.colcon_core.package_identification:_identify(demos/dummy_robot/dummy_sensors) by extension 'colcon_meta'
[0.819s] Level 1:colcon.colcon_core.package_identification:_identify(demos/dummy_robot/dummy_sensors) by extensions ['ros']
[0.819s] Level 1:colcon.colcon_core.package_identification:_identify(demos/dummy_robot/dummy_sensors) by extension 'ros'
[0.821s] DEBUG:colcon.colcon_core.package_identification:Package 'demos/dummy_robot/dummy_sensors' with type 'ros.ament_cmake' and name 'dummy_sensors'
[0.821s] Level 1:colcon.colcon_core.package_identification:_identify(demos/image_tools) by extensions ['ignore', 'ignore_ament_install']
[0.821s] Level 1:colcon.colcon_core.package_identification:_identify(demos/image_tools) by extension 'ignore'
[0.821s] Level 1:colcon.colcon_core.package_identification:_identify(demos/image_tools) by extension 'ignore_ament_install'
[0.821s] Level 1:colcon.colcon_core.package_identification:_identify(demos/image_tools) by extensions ['colcon_pkg']
[0.821s] Level 1:colcon.colcon_core.package_identification:_identify(demos/image_tools) by extension 'colcon_pkg'
[0.821s] Level 1:colcon.colcon_core.package_identification:_identify(demos/image_tools) by extensions ['colcon_meta']
[0.821s] Level 1:colcon.colcon_core.package_identification:_identify(demos/image_tools) by extension 'colcon_meta'
[0.822s] Level 1:colcon.colcon_core.package_identification:_identify(demos/image_tools) by extensions ['ros']
[0.822s] Level 1:colcon.colcon_core.package_identification:_identify(demos/image_tools) by extension 'ros'
[0.823s] DEBUG:colcon.colcon_core.package_identification:Package 'demos/image_tools' with type 'ros.ament_cmake' and name 'image_tools'
[0.823s] Level 1:colcon.colcon_core.package_identification:_identify(demos/intra_process_demo) by extensions ['ignore', 'ignore_ament_install']
[0.823s] Level 1:colcon.colcon_core.package_identification:_identify(demos/intra_process_demo) by extension 'ignore'
[0.824s] Level 1:colcon.colcon_core.package_identification:_identify(demos/intra_process_demo) by extension 'ignore_ament_install'
[0.824s] Level 1:colcon.colcon_core.package_identification:_identify(demos/intra_process_demo) by extensions ['colcon_pkg']
[0.824s] Level 1:colcon.colcon_core.package_identification:_identify(demos/intra_process_demo) by extension 'colcon_pkg'
[0.824s] Level 1:colcon.colcon_core.package_identification:_identify(demos/intra_process_demo) by extensions ['colcon_meta']
[0.824s] Level 1:colcon.colcon_core.package_identification:_identify(demos/intra_process_demo) by extension 'colcon_meta'
[0.824s] Level 1:colcon.colcon_core.package_identification:_identify(demos/intra_process_demo) by extensions ['ros']
[0.824s] Level 1:colcon.colcon_core.package_identification:_identify(demos/intra_process_demo) by extension 'ros'
[0.826s] DEBUG:colcon.colcon_core.package_identification:Package 'demos/intra_process_demo' with type 'ros.ament_cmake' and name 'intra_process_demo'
[0.826s] Level 1:colcon.colcon_core.package_identification:_identify(demos/lifecycle) by extensions ['ignore', 'ignore_ament_install']
[0.826s] Level 1:colcon.colcon_core.package_identification:_identify(demos/lifecycle) by extension 'ignore'
[0.826s] Level 1:colcon.colcon_core.package_identification:_identify(demos/lifecycle) by extension 'ignore_ament_install'
[0.826s] Level 1:colcon.colcon_core.package_identification:_identify(demos/lifecycle) by extensions ['colcon_pkg']
[0.826s] Level 1:colcon.colcon_core.package_identification:_identify(demos/lifecycle) by extension 'colcon_pkg'
[0.826s] Level 1:colcon.colcon_core.package_identification:_identify(demos/lifecycle) by extensions ['colcon_meta']
[0.826s] Level 1:colcon.colcon_core.package_identification:_identify(demos/lifecycle) by extension 'colcon_meta'
[0.826s] Level 1:colcon.colcon_core.package_identification:_identify(demos/lifecycle) by extensions ['ros']
[0.826s] Level 1:colcon.colcon_core.package_identification:_identify(demos/lifecycle) by extension 'ros'
[0.828s] DEBUG:colcon.colcon_core.package_identification:Package 'demos/lifecycle' with type 'ros.ament_cmake' and name 'lifecycle'
[0.828s] Level 1:colcon.colcon_core.package_identification:_identify(demos/lifecycle_py) by extensions ['ignore', 'ignore_ament_install']
[0.828s] Level 1:colcon.colcon_core.package_identification:_identify(demos/lifecycle_py) by extension 'ignore'
[0.828s] Level 1:colcon.colcon_core.package_identification:_identify(demos/lifecycle_py) by extension 'ignore_ament_install'
[0.828s] Level 1:colcon.colcon_core.package_identification:_identify(demos/lifecycle_py) by extensions ['colcon_pkg']
[0.829s] Level 1:colcon.colcon_core.package_identification:_identify(demos/lifecycle_py) by extension 'colcon_pkg'
[0.829s] Level 1:colcon.colcon_core.package_identification:_identify(demos/lifecycle_py) by extensions ['colcon_meta']
[0.829s] Level 1:colcon.colcon_core.package_identification:_identify(demos/lifecycle_py) by extension 'colcon_meta'
[0.829s] Level 1:colcon.colcon_core.package_identification:_identify(demos/lifecycle_py) by extensions ['ros']
[0.829s] Level 1:colcon.colcon_core.package_identification:_identify(demos/lifecycle_py) by extension 'ros'
[0.830s] DEBUG:colcon.colcon_core.package_identification:Package 'demos/lifecycle_py' with type 'ros.ament_python' and name 'lifecycle_py'
[0.830s] Level 1:colcon.colcon_core.package_identification:_identify(demos/logging_demo) by extensions ['ignore', 'ignore_ament_install']
[0.830s] Level 1:colcon.colcon_core.package_identification:_identify(demos/logging_demo) by extension 'ignore'
[0.830s] Level 1:colcon.colcon_core.package_identification:_identify(demos/logging_demo) by extension 'ignore_ament_install'
[0.831s] Level 1:colcon.colcon_core.package_identification:_identify(demos/logging_demo) by extensions ['colcon_pkg']
[0.831s] Level 1:colcon.colcon_core.package_identification:_identify(demos/logging_demo) by extension 'colcon_pkg'
[0.831s] Level 1:colcon.colcon_core.package_identification:_identify(demos/logging_demo) by extensions ['colcon_meta']
[0.831s] Level 1:colcon.colcon_core.package_identification:_identify(demos/logging_demo) by extension 'colcon_meta'
[0.831s] Level 1:colcon.colcon_core.package_identification:_identify(demos/logging_demo) by extensions ['ros']
[0.831s] Level 1:colcon.colcon_core.package_identification:_identify(demos/logging_demo) by extension 'ros'
[0.832s] DEBUG:colcon.colcon_core.package_identification:Package 'demos/logging_demo' with type 'ros.ament_cmake' and name 'logging_demo'
[0.832s] Level 1:colcon.colcon_core.package_identification:_identify(demos/pendulum_control) by extensions ['ignore', 'ignore_ament_install']
[0.833s] Level 1:colcon.colcon_core.package_identification:_identify(demos/pendulum_control) by extension 'ignore'
[0.833s] Level 1:colcon.colcon_core.package_identification:_identify(demos/pendulum_control) by extension 'ignore_ament_install'
[0.833s] Level 1:colcon.colcon_core.package_identification:_identify(demos/pendulum_control) by extensions ['colcon_pkg']
[0.833s] Level 1:colcon.colcon_core.package_identification:_identify(demos/pendulum_control) by extension 'colcon_pkg'
[0.833s] Level 1:colcon.colcon_core.package_identification:_identify(demos/pendulum_control) by extensions ['colcon_meta']
[0.833s] Level 1:colcon.colcon_core.package_identification:_identify(demos/pendulum_control) by extension 'colcon_meta'
[0.833s] Level 1:colcon.colcon_core.package_identification:_identify(demos/pendulum_control) by extensions ['ros']
[0.833s] Level 1:colcon.colcon_core.package_identification:_identify(demos/pendulum_control) by extension 'ros'
[0.836s] DEBUG:colcon.colcon_core.package_identification:Package 'demos/pendulum_control' with type 'ros.ament_cmake' and name 'pendulum_control'
[0.836s] Level 1:colcon.colcon_core.package_identification:_identify(demos/pendulum_msgs) by extensions ['ignore', 'ignore_ament_install']
[0.836s] Level 1:colcon.colcon_core.package_identification:_identify(demos/pendulum_msgs) by extension 'ignore'
[0.836s] Level 1:colcon.colcon_core.package_identification:_identify(demos/pendulum_msgs) by extension 'ignore_ament_install'
[0.837s] Level 1:colcon.colcon_core.package_identification:_identify(demos/pendulum_msgs) by extensions ['colcon_pkg']
[0.837s] Level 1:colcon.colcon_core.package_identification:_identify(demos/pendulum_msgs) by extension 'colcon_pkg'
[0.837s] Level 1:colcon.colcon_core.package_identification:_identify(demos/pendulum_msgs) by extensions ['colcon_meta']
[0.837s] Level 1:colcon.colcon_core.package_identification:_identify(demos/pendulum_msgs) by extension 'colcon_meta'
[0.837s] Level 1:colcon.colcon_core.package_identification:_identify(demos/pendulum_msgs) by extensions ['ros']
[0.837s] Level 1:colcon.colcon_core.package_identification:_identify(demos/pendulum_msgs) by extension 'ros'
[0.838s] DEBUG:colcon.colcon_core.package_identification:Package 'demos/pendulum_msgs' with type 'ros.ament_cmake' and name 'pendulum_msgs'
[0.838s] Level 1:colcon.colcon_core.package_identification:_identify(demos/quality_of_service_demo) by extensions ['ignore', 'ignore_ament_install']
[0.838s] Level 1:colcon.colcon_core.package_identification:_identify(demos/quality_of_service_demo) by extension 'ignore'
[0.839s] Level 1:colcon.colcon_core.package_identification:_identify(demos/quality_of_service_demo) by extension 'ignore_ament_install'
[0.839s] Level 1:colcon.colcon_core.package_identification:_identify(demos/quality_of_service_demo) by extensions ['colcon_pkg']
[0.839s] Level 1:colcon.colcon_core.package_identification:_identify(demos/quality_of_service_demo) by extension 'colcon_pkg'
[0.839s] Level 1:colcon.colcon_core.package_identification:_identify(demos/quality_of_service_demo) by extensions ['colcon_meta']
[0.839s] Level 1:colcon.colcon_core.package_identification:_identify(demos/quality_of_service_demo) by extension 'colcon_meta'
[0.839s] Level 1:colcon.colcon_core.package_identification:_identify(demos/quality_of_service_demo) by extensions ['ros']
[0.839s] Level 1:colcon.colcon_core.package_identification:_identify(demos/quality_of_service_demo) by extension 'ros'
[0.839s] Level 1:colcon.colcon_core.package_identification:_identify(demos/quality_of_service_demo) by extensions ['cmake', 'python']
[0.839s] Level 1:colcon.colcon_core.package_identification:_identify(demos/quality_of_service_demo) by extension 'cmake'
[0.839s] Level 1:colcon.colcon_core.package_identification:_identify(demos/quality_of_service_demo) by extension 'python'
[0.839s] Level 1:colcon.colcon_core.package_identification:_identify(demos/quality_of_service_demo) by extensions ['python_setup_py']
[0.839s] Level 1:colcon.colcon_core.package_identification:_identify(demos/quality_of_service_demo) by extension 'python_setup_py'
[0.840s] Level 1:colcon.colcon_core.package_identification:_identify(demos/quality_of_service_demo/rclcpp) by extensions ['ignore', 'ignore_ament_install']
[0.840s] Level 1:colcon.colcon_core.package_identification:_identify(demos/quality_of_service_demo/rclcpp) by extension 'ignore'
[0.840s] Level 1:colcon.colcon_core.package_identification:_identify(demos/quality_of_service_demo/rclcpp) by extension 'ignore_ament_install'
[0.840s] Level 1:colcon.colcon_core.package_identification:_identify(demos/quality_of_service_demo/rclcpp) by extensions ['colcon_pkg']
[0.840s] Level 1:colcon.colcon_core.package_identification:_identify(demos/quality_of_service_demo/rclcpp) by extension 'colcon_pkg'
[0.840s] Level 1:colcon.colcon_core.package_identification:_identify(demos/quality_of_service_demo/rclcpp) by extensions ['colcon_meta']
[0.840s] Level 1:colcon.colcon_core.package_identification:_identify(demos/quality_of_service_demo/rclcpp) by extension 'colcon_meta'
[0.840s] Level 1:colcon.colcon_core.package_identification:_identify(demos/quality_of_service_demo/rclcpp) by extensions ['ros']
[0.840s] Level 1:colcon.colcon_core.package_identification:_identify(demos/quality_of_service_demo/rclcpp) by extension 'ros'
[0.842s] DEBUG:colcon.colcon_core.package_identification:Package 'demos/quality_of_service_demo/rclcpp' with type 'ros.ament_cmake' and name 'quality_of_service_demo_cpp'
[0.842s] Level 1:colcon.colcon_core.package_identification:_identify(demos/quality_of_service_demo/rclpy) by extensions ['ignore', 'ignore_ament_install']
[0.842s] Level 1:colcon.colcon_core.package_identification:_identify(demos/quality_of_service_demo/rclpy) by extension 'ignore'
[0.842s] Level 1:colcon.colcon_core.package_identification:_identify(demos/quality_of_service_demo/rclpy) by extension 'ignore_ament_install'
[0.842s] Level 1:colcon.colcon_core.package_identification:_identify(demos/quality_of_service_demo/rclpy) by extensions ['colcon_pkg']
[0.842s] Level 1:colcon.colcon_core.package_identification:_identify(demos/quality_of_service_demo/rclpy) by extension 'colcon_pkg'
[0.843s] Level 1:colcon.colcon_core.package_identification:_identify(demos/quality_of_service_demo/rclpy) by extensions ['colcon_meta']
[0.843s] Level 1:colcon.colcon_core.package_identification:_identify(demos/quality_of_service_demo/rclpy) by extension 'colcon_meta'
[0.843s] Level 1:colcon.colcon_core.package_identification:_identify(demos/quality_of_service_demo/rclpy) by extensions ['ros']
[0.843s] Level 1:colcon.colcon_core.package_identification:_identify(demos/quality_of_service_demo/rclpy) by extension 'ros'
[0.844s] DEBUG:colcon.colcon_core.package_identification:Package 'demos/quality_of_service_demo/rclpy' with type 'ros.ament_python' and name 'quality_of_service_demo_py'
[0.844s] Level 1:colcon.colcon_core.package_identification:_identify(demos/topic_monitor) by extensions ['ignore', 'ignore_ament_install']
[0.844s] Level 1:colcon.colcon_core.package_identification:_identify(demos/topic_monitor) by extension 'ignore'
[0.844s] Level 1:colcon.colcon_core.package_identification:_identify(demos/topic_monitor) by extension 'ignore_ament_install'
[0.845s] Level 1:colcon.colcon_core.package_identification:_identify(demos/topic_monitor) by extensions ['colcon_pkg']
[0.845s] Level 1:colcon.colcon_core.package_identification:_identify(demos/topic_monitor) by extension 'colcon_pkg'
[0.845s] Level 1:colcon.colcon_core.package_identification:_identify(demos/topic_monitor) by extensions ['colcon_meta']
[0.845s] Level 1:colcon.colcon_core.package_identification:_identify(demos/topic_monitor) by extension 'colcon_meta'
[0.845s] Level 1:colcon.colcon_core.package_identification:_identify(demos/topic_monitor) by extensions ['ros']
[0.845s] Level 1:colcon.colcon_core.package_identification:_identify(demos/topic_monitor) by extension 'ros'
[0.846s] DEBUG:colcon.colcon_core.package_identification:Package 'demos/topic_monitor' with type 'ros.ament_python' and name 'topic_monitor'
[0.846s] Level 1:colcon.colcon_core.package_identification:_identify(demos/topic_statistics_demo) by extensions ['ignore', 'ignore_ament_install']
[0.846s] Level 1:colcon.colcon_core.package_identification:_identify(demos/topic_statistics_demo) by extension 'ignore'
[0.847s] Level 1:colcon.colcon_core.package_identification:_identify(demos/topic_statistics_demo) by extension 'ignore_ament_install'
[0.847s] Level 1:colcon.colcon_core.package_identification:_identify(demos/topic_statistics_demo) by extensions ['colcon_pkg']
[0.847s] Level 1:colcon.colcon_core.package_identification:_identify(demos/topic_statistics_demo) by extension 'colcon_pkg'
[0.847s] Level 1:colcon.colcon_core.package_identification:_identify(demos/topic_statistics_demo) by extensions ['colcon_meta']
[0.847s] Level 1:colcon.colcon_core.package_identification:_identify(demos/topic_statistics_demo) by extension 'colcon_meta'
[0.847s] Level 1:colcon.colcon_core.package_identification:_identify(demos/topic_statistics_demo) by extensions ['ros']
[0.847s] Level 1:colcon.colcon_core.package_identification:_identify(demos/topic_statistics_demo) by extension 'ros'
[0.848s] DEBUG:colcon.colcon_core.package_identification:Package 'demos/topic_statistics_demo' with type 'ros.ament_cmake' and name 'topic_statistics_demo'
[0.849s] Level 1:colcon.colcon_core.package_identification:_identify(install) by extensions ['ignore', 'ignore_ament_install']
[0.849s] Level 1:colcon.colcon_core.package_identification:_identify(install) by extension 'ignore'
[0.849s] Level 1:colcon.colcon_core.package_identification:_identify(install) ignored
[0.849s] Level 1:colcon.colcon_core.package_identification:_identify(log) by extensions ['ignore', 'ignore_ament_install']
[0.849s] Level 1:colcon.colcon_core.package_identification:_identify(log) by extension 'ignore'
[0.849s] Level 1:colcon.colcon_core.package_identification:_identify(log) ignored
[0.849s] Level 1:colcon.colcon_core.package_identification:_identify(nanosaur_hardware) by extensions ['ignore', 'ignore_ament_install']
[0.849s] Level 1:colcon.colcon_core.package_identification:_identify(nanosaur_hardware) by extension 'ignore'
[0.850s] Level 1:colcon.colcon_core.package_identification:_identify(nanosaur_hardware) by extension 'ignore_ament_install'
[0.850s] Level 1:colcon.colcon_core.package_identification:_identify(nanosaur_hardware) by extensions ['colcon_pkg']
[0.850s] Level 1:colcon.colcon_core.package_identification:_identify(nanosaur_hardware) by extension 'colcon_pkg'
[0.850s] Level 1:colcon.colcon_core.package_identification:_identify(nanosaur_hardware) by extensions ['colcon_meta']
[0.850s] Level 1:colcon.colcon_core.package_identification:_identify(nanosaur_hardware) by extension 'colcon_meta'
[0.850s] Level 1:colcon.colcon_core.package_identification:_identify(nanosaur_hardware) by extensions ['ros']
[0.850s] Level 1:colcon.colcon_core.package_identification:_identify(nanosaur_hardware) by extension 'ros'
[0.851s] DEBUG:colcon.colcon_core.package_identification:Package 'nanosaur_hardware' with type 'ros.ament_python' and name 'nanosaur_hardware'
[0.851s] Level 1:colcon.colcon_core.package_identification:_identify(teleop_twist_keyboard) by extensions ['ignore', 'ignore_ament_install']
[0.852s] Level 1:colcon.colcon_core.package_identification:_identify(teleop_twist_keyboard) by extension 'ignore'
[0.852s] Level 1:colcon.colcon_core.package_identification:_identify(teleop_twist_keyboard) by extension 'ignore_ament_install'
[0.852s] Level 1:colcon.colcon_core.package_identification:_identify(teleop_twist_keyboard) by extensions ['colcon_pkg']
[0.852s] Level 1:colcon.colcon_core.package_identification:_identify(teleop_twist_keyboard) by extension 'colcon_pkg'
[0.852s] Level 1:colcon.colcon_core.package_identification:_identify(teleop_twist_keyboard) by extensions ['colcon_meta']
[0.852s] Level 1:colcon.colcon_core.package_identification:_identify(teleop_twist_keyboard) by extension 'colcon_meta'
[0.852s] Level 1:colcon.colcon_core.package_identification:_identify(teleop_twist_keyboard) by extensions ['ros']
[0.852s] Level 1:colcon.colcon_core.package_identification:_identify(teleop_twist_keyboard) by extension 'ros'
[0.853s] DEBUG:colcon.colcon_core.package_identification:Package 'teleop_twist_keyboard' with type 'ros.ament_python' and name 'teleop_twist_keyboard'
[0.854s] Level 1:colcon.colcon_core.package_identification:_identify(tutorial_interfaces) by extensions ['ignore', 'ignore_ament_install']
[0.854s] Level 1:colcon.colcon_core.package_identification:_identify(tutorial_interfaces) by extension 'ignore'
[0.854s] Level 1:colcon.colcon_core.package_identification:_identify(tutorial_interfaces) by extension 'ignore_ament_install'
[0.854s] Level 1:colcon.colcon_core.package_identification:_identify(tutorial_interfaces) by extensions ['colcon_pkg']
[0.854s] Level 1:colcon.colcon_core.package_identification:_identify(tutorial_interfaces) by extension 'colcon_pkg'
[0.854s] Level 1:colcon.colcon_core.package_identification:_identify(tutorial_interfaces) by extensions ['colcon_meta']
[0.854s] Level 1:colcon.colcon_core.package_identification:_identify(tutorial_interfaces) by extension 'colcon_meta'
[0.854s] Level 1:colcon.colcon_core.package_identification:_identify(tutorial_interfaces) by extensions ['ros']
[0.854s] Level 1:colcon.colcon_core.package_identification:_identify(tutorial_interfaces) by extension 'ros'
[0.855s] DEBUG:colcon.colcon_core.package_identification:Package 'tutorial_interfaces' with type 'ros.ament_cmake' and name 'tutorial_interfaces'
[0.856s] Level 1:colcon.colcon_core.package_discovery:discover_packages(recursive) using defaults
[0.856s] Level 1:colcon.colcon_core.package_discovery:discover_packages(ignore) discover
[0.856s] Level 1:colcon.colcon_core.package_discovery:discover_packages(ignore) using defaults
[0.856s] Level 1:colcon.colcon_core.package_discovery:discover_packages(path) discover
[0.856s] Level 1:colcon.colcon_core.package_discovery:discover_packages(path) using defaults
[0.909s] INFO:colcon.colcon_core.package_selection:Skipping not selected package 'action_tutorials_interfaces' in 'demos/action_tutorials/action_tutorials_interfaces'
[0.909s] INFO:colcon.colcon_core.package_selection:Skipping not selected package 'composition' in 'demos/composition'
[0.909s] INFO:colcon.colcon_core.package_selection:Skipping not selected package 'demo_nodes_cpp' in 'demos/demo_nodes_cpp'
[0.910s] INFO:colcon.colcon_core.package_selection:Skipping not selected package 'demo_nodes_cpp_native' in 'demos/demo_nodes_cpp_native'
[0.910s] INFO:colcon.colcon_core.package_selection:Skipping not selected package 'demo_nodes_py' in 'demos/demo_nodes_py'
[0.910s] INFO:colcon.colcon_core.package_selection:Skipping not selected package 'dummy_map_server' in 'demos/dummy_robot/dummy_map_server'
[0.910s] INFO:colcon.colcon_core.package_selection:Skipping not selected package 'dummy_sensors' in 'demos/dummy_robot/dummy_sensors'
[0.910s] INFO:colcon.colcon_core.package_selection:Skipping not selected package 'image_tools' in 'demos/image_tools'
[0.910s] INFO:colcon.colcon_core.package_selection:Skipping not selected package 'intra_process_demo' in 'demos/intra_process_demo'
[0.910s] INFO:colcon.colcon_core.package_selection:Skipping not selected package 'lifecycle' in 'demos/lifecycle'
[0.910s] INFO:colcon.colcon_core.package_selection:Skipping not selected package 'logging_demo' in 'demos/logging_demo'
[0.910s] INFO:colcon.colcon_core.package_selection:Skipping not selected package 'pendulum_msgs' in 'demos/pendulum_msgs'
[0.910s] INFO:colcon.colcon_core.package_selection:Skipping not selected package 'quality_of_service_demo_cpp' in 'demos/quality_of_service_demo/rclcpp'
[0.910s] INFO:colcon.colcon_core.package_selection:Skipping not selected package 'quality_of_service_demo_py' in 'demos/quality_of_service_demo/rclpy'
[0.910s] INFO:colcon.colcon_core.package_selection:Skipping not selected package 'teleop_twist_keyboard' in 'teleop_twist_keyboard'
[0.910s] INFO:colcon.colcon_core.package_selection:Skipping not selected package 'topic_monitor' in 'demos/topic_monitor'
[0.910s] INFO:colcon.colcon_core.package_selection:Skipping not selected package 'topic_statistics_demo' in 'demos/topic_statistics_demo'
[0.910s] INFO:colcon.colcon_core.package_selection:Skipping not selected package 'tutorial_interfaces' in 'tutorial_interfaces'
[0.910s] INFO:colcon.colcon_core.package_selection:Skipping not selected package 'action_tutorials_cpp' in 'demos/action_tutorials/action_tutorials_cpp'
[0.910s] INFO:colcon.colcon_core.package_selection:Skipping not selected package 'action_tutorials_py' in 'demos/action_tutorials/action_tutorials_py'
[0.910s] INFO:colcon.colcon_core.package_selection:Skipping not selected package 'arduino_sensor' in 'arduino_sensor'
[0.910s] INFO:colcon.colcon_core.package_selection:Skipping not selected package 'dummy_robot_bringup' in 'demos/dummy_robot/dummy_robot_bringup'
[0.910s] INFO:colcon.colcon_core.package_selection:Skipping not selected package 'lifecycle_py' in 'demos/lifecycle_py'
[0.910s] INFO:colcon.colcon_core.package_selection:Skipping not selected package 'nanosaur_hardware' in 'nanosaur_hardware'
[0.910s] INFO:colcon.colcon_core.package_selection:Skipping not selected package 'pendulum_control' in 'demos/pendulum_control'
[0.912s] Level 1:colcon.colcon_core.package_discovery:discover_packages(prefix_path) check parameters
[0.912s] Level 1:colcon.colcon_core.package_discovery:discover_packages(prefix_path) discover
[0.926s] DEBUG:colcon.colcon_installed_package_information.package_discovery:Found 13 installed packages in /home/ohmin/ros2_ws/install
[0.929s] DEBUG:colcon.colcon_installed_package_information.package_discovery:Found 5 installed packages in /home/ohmin/gcamp_ros2_ws/install
[0.933s] DEBUG:colcon.colcon_installed_package_information.package_discovery:Found 285 installed packages in /opt/ros/rolling
[0.937s] Level 1:colcon.colcon_core.package_discovery:discover_packages(prefix_path) using defaults
[1.084s] Level 5:colcon.colcon_core.verb:set package 'camera' build argument 'cmake_args' from command line to 'None'
[1.084s] Level 5:colcon.colcon_core.verb:set package 'camera' build argument 'cmake_target' from command line to 'None'
[1.084s] Level 5:colcon.colcon_core.verb:set package 'camera' build argument 'cmake_target_skip_unavailable' from command line to 'False'
[1.084s] Level 5:colcon.colcon_core.verb:set package 'camera' build argument 'cmake_clean_cache' from command line to 'False'
[1.084s] Level 5:colcon.colcon_core.verb:set package 'camera' build argument 'cmake_clean_first' from command line to 'False'
[1.084s] Level 5:colcon.colcon_core.verb:set package 'camera' build argument 'cmake_force_configure' from command line to 'False'
[1.084s] Level 5:colcon.colcon_core.verb:set package 'camera' build argument 'ament_cmake_args' from command line to 'None'
[1.084s] Level 5:colcon.colcon_core.verb:set package 'camera' build argument 'catkin_cmake_args' from command line to 'None'
[1.084s] Level 5:colcon.colcon_core.verb:set package 'camera' build argument 'catkin_skip_building_tests' from command line to 'False'
[1.085s] DEBUG:colcon.colcon_core.verb:Building package 'camera' with the following arguments: {'ament_cmake_args': None, 'build_base': '/home/ohmin/ros2_ws/src/build/camera', 'catkin_cmake_args': None, 'catkin_skip_building_tests': False, 'cmake_args': None, 'cmake_clean_cache': False, 'cmake_clean_first': False, 'cmake_force_configure': False, 'cmake_target': None, 'cmake_target_skip_unavailable': False, 'install_base': '/home/ohmin/ros2_ws/src/install/camera', 'merge_install': False, 'path': '/home/ohmin/ros2_ws/src/camera', 'symlink_install': True, 'test_result_base': None}
[1.086s] INFO:colcon.colcon_core.executor:Executing jobs using 'parallel' executor
[1.092s] DEBUG:colcon.colcon_parallel_executor.executor.parallel:run_until_complete
[1.092s] INFO:colcon.colcon_ros.task.ament_python.build:Building ROS package in '/home/ohmin/ros2_ws/src/camera' with build type 'ament_python'
[1.093s] Level 1:colcon.colcon_core.shell:create_environment_hook('camera', 'ament_prefix_path')
[1.104s] INFO:colcon.colcon_core.plugin_system:Skipping extension 'colcon_core.shell.bat': Not used on non-Windows systems
[1.104s] INFO:colcon.colcon_core.shell:Creating environment hook '/home/ohmin/ros2_ws/src/install/camera/share/camera/hook/ament_prefix_path.ps1'
[1.105s] INFO:colcon.colcon_core.shell:Creating environment descriptor '/home/ohmin/ros2_ws/src/install/camera/share/camera/hook/ament_prefix_path.dsv'
[1.106s] INFO:colcon.colcon_core.shell:Creating environment hook '/home/ohmin/ros2_ws/src/install/camera/share/camera/hook/ament_prefix_path.sh'
[1.110s] INFO:colcon.colcon_core.shell:Skip shell extension 'powershell' for command environment: Not usable outside of PowerShell
[1.110s] DEBUG:colcon.colcon_core.shell:Skip shell extension 'dsv' for command environment
[1.656s] INFO:colcon.colcon_core.task.python.build:Building Python package in '/home/ohmin/ros2_ws/src/camera'
[1.659s] INFO:colcon.colcon_core.shell:Skip shell extension 'powershell' for command environment: Not usable outside of PowerShell
[1.659s] DEBUG:colcon.colcon_core.shell:Skip shell extension 'dsv' for command environment
[2.404s] DEBUG:colcon.colcon_core.event_handler.log_command:Invoking command in '/home/ohmin/ros2_ws/src/build/camera': PYTHONPATH=/home/ohmin/ros2_ws/src/build/camera/prefix_override:/home/ohmin/ros2_ws/src/install/camera/lib/python3.10/site-packages:${PYTHONPATH} /usr/bin/python3 setup.py develop --editable --build-directory /home/ohmin/ros2_ws/src/build/camera/build --no-deps install_data
[3.529s] Level 1:colcon.colcon_core.shell:create_environment_hook('camera', 'pythonpath_develop')
[3.533s] INFO:colcon.colcon_core.shell:Creating environment hook '/home/ohmin/ros2_ws/src/build/camera/share/camera/hook/pythonpath_develop.ps1'
[3.533s] DEBUG:colcon.colcon_core.event_handler.log_command:Invoked command in '/home/ohmin/ros2_ws/src/build/camera' returned '0': PYTHONPATH=/home/ohmin/ros2_ws/src/build/camera/prefix_override:/home/ohmin/ros2_ws/src/install/camera/lib/python3.10/site-packages:${PYTHONPATH} /usr/bin/python3 setup.py develop --editable --build-directory /home/ohmin/ros2_ws/src/build/camera/build --no-deps install_data
[3.534s] INFO:colcon.colcon_core.shell:Creating environment descriptor '/home/ohmin/ros2_ws/src/build/camera/share/camera/hook/pythonpath_develop.dsv'
[3.535s] INFO:colcon.colcon_core.shell:Creating environment hook '/home/ohmin/ros2_ws/src/build/camera/share/camera/hook/pythonpath_develop.sh'
[3.552s] Level 1:colcon.colcon_core.environment:checking '/home/ohmin/ros2_ws/src/install/camera' for CMake module files
[3.553s] Level 1:colcon.colcon_core.environment:checking '/home/ohmin/ros2_ws/src/install/camera' for CMake config files
[3.554s] Level 1:colcon.colcon_core.environment:checking '/home/ohmin/ros2_ws/src/install/camera/lib'
[3.554s] Level 1:colcon.colcon_core.environment:checking '/home/ohmin/ros2_ws/src/install/camera/bin'
[3.555s] Level 1:colcon.colcon_core.environment:checking '/home/ohmin/ros2_ws/src/install/camera/lib/pkgconfig/camera.pc'
[3.555s] Level 1:colcon.colcon_core.environment:checking '/home/ohmin/ros2_ws/src/install/camera/lib/python3.10/site-packages'
[3.555s] Level 1:colcon.colcon_core.shell:create_environment_hook('camera', 'pythonpath')
[3.558s] INFO:colcon.colcon_core.shell:Creating environment hook '/home/ohmin/ros2_ws/src/install/camera/share/camera/hook/pythonpath.ps1'
[3.559s] INFO:colcon.colcon_core.shell:Creating environment descriptor '/home/ohmin/ros2_ws/src/install/camera/share/camera/hook/pythonpath.dsv'
[3.559s] INFO:colcon.colcon_core.shell:Creating environment hook '/home/ohmin/ros2_ws/src/install/camera/share/camera/hook/pythonpath.sh'
[3.560s] Level 1:colcon.colcon_core.environment:checking '/home/ohmin/ros2_ws/src/install/camera/bin'
[3.560s] Level 1:colcon.colcon_core.environment:create_environment_scripts_only(camera)
[3.564s] INFO:colcon.colcon_core.shell:Creating package script '/home/ohmin/ros2_ws/src/install/camera/share/camera/package.ps1'
[3.566s] INFO:colcon.colcon_core.shell:Creating package descriptor '/home/ohmin/ros2_ws/src/install/camera/share/camera/package.dsv'
[3.567s] INFO:colcon.colcon_core.shell:Creating package script '/home/ohmin/ros2_ws/src/install/camera/share/camera/package.sh'
[3.569s] INFO:colcon.colcon_core.shell:Creating package script '/home/ohmin/ros2_ws/src/install/camera/share/camera/package.bash'
[3.570s] INFO:colcon.colcon_core.shell:Creating package script '/home/ohmin/ros2_ws/src/install/camera/share/camera/package.zsh'
[3.572s] Level 1:colcon.colcon_core.environment:create_file_with_runtime_dependencies(/home/ohmin/ros2_ws/src/install/camera/share/colcon-core/packages/camera)
[3.573s] DEBUG:colcon.colcon_parallel_executor.executor.parallel:closing loop
[3.574s] DEBUG:colcon.colcon_parallel_executor.executor.parallel:loop closed
[3.574s] DEBUG:colcon.colcon_parallel_executor.executor.parallel:run_until_complete finished with '0'
[3.574s] DEBUG:colcon.colcon_core.event_reactor:joining thread
[3.592s] INFO:colcon.colcon_core.plugin_system:Skipping extension 'colcon_notification.desktop_notification.terminal_notifier': Not used on non-Darwin systems
[3.592s] INFO:colcon.colcon_core.plugin_system:Skipping extension 'colcon_notification.desktop_notification.win32': Not used on non-Windows systems
[3.592s] INFO:colcon.colcon_notification.desktop_notification:Sending desktop notification using 'notify2'
[3.655s] DEBUG:colcon.colcon_core.event_reactor:joined thread
[3.660s] INFO:colcon.colcon_core.shell:Creating prefix script '/home/ohmin/ros2_ws/src/install/local_setup.ps1'
[3.663s] INFO:colcon.colcon_core.shell:Creating prefix util module '/home/ohmin/ros2_ws/src/install/_local_setup_util_ps1.py'
[3.667s] INFO:colcon.colcon_core.shell:Creating prefix chain script '/home/ohmin/ros2_ws/src/install/setup.ps1'
[3.672s] INFO:colcon.colcon_core.shell:Creating prefix script '/home/ohmin/ros2_ws/src/install/local_setup.sh'
[3.673s] INFO:colcon.colcon_core.shell:Creating prefix util module '/home/ohmin/ros2_ws/src/install/_local_setup_util_sh.py'
[3.675s] INFO:colcon.colcon_core.shell:Creating prefix chain script '/home/ohmin/ros2_ws/src/install/setup.sh'
[3.681s] INFO:colcon.colcon_core.shell:Creating prefix script '/home/ohmin/ros2_ws/src/install/local_setup.bash'
[3.682s] INFO:colcon.colcon_core.shell:Creating prefix chain script '/home/ohmin/ros2_ws/src/install/setup.bash'
[3.687s] INFO:colcon.colcon_core.shell:Creating prefix script '/home/ohmin/ros2_ws/src/install/local_setup.zsh'
[3.688s] INFO:colcon.colcon_core.shell:Creating prefix chain script '/home/ohmin/ros2_ws/src/install/setup.zsh'
